<?xml version="1.0" encoding="UTF-8" ?>
<testsuite tests="11" failures="0" name="fr.univavignon.pokedex.api.IPokedexTest" time="0.001" errors="0" skipped="0">
  <properties>
[...]
</properties>
  <testcase classname="fr.univavignon.pokedex.api.IPokedexTest" name="testSize" time="0"/>
  <testcase classname="fr.univavignon.pokedex.api.IPokedexTest" name="testCreatePokemon" time="0"/>
  <testcase classname="fr.univavignon.pokedex.api.IPokedexTest" name="testGetPokemon" time="0.001"/>
  <testcase classname="fr.univavignon.pokedex.api.IPokedexTest" name="testGetPokemonException" time="0"/>
  <testcase classname="fr.univavignon.pokedex.api.IPokedexTest" name="testGetOrderedListByIndex" time="0"/>
  <testcase classname="fr.univavignon.pokedex.api.IPokedexTest" name="testGetOrderedListByCp" time="0"/>
  <testcase classname="fr.univavignon.pokedex.api.IPokedexTest" name="testAddPokemon" time="0"/>
  <testcase classname="fr.univavignon.pokedex.api.IPokedexTest" name="testGetPokemonMetadata" time="0"/>
  <testcase classname="fr.univavignon.pokedex.api.IPokedexTest" name="testGetPokemons" time="0"/>
  <testcase classname="fr.univavignon.pokedex.api.IPokedexTest" name="testGetOrderedListByName" time="0"/>
  <testcase classname="fr.univavignon.pokedex.api.IPokedexTest" name="testGetPokemonsOrder" time="0"/>
</testsuite>